2022-01-08 08:30:36   Arguments: Namespace(cache_refresh_rate=1000, datasets_folder='/content/pitts30k', device='cuda', epochs_num=50, exp_name='default', infer_batch_size=16, lr=1e-05, margin=0.1, neg_samples_num=1000, negs_num_per_query=10, num_workers=8, output_folder='runs/default/2022-01-08_08-30-36', patience=3, queries_per_epoch=5000, recall_values=[1, 5, 10, 20], seed=0, train_batch_size=4, train_positives_dist_threshold=10, val_positive_dist_threshold=25)
2022-01-08 08:30:36   The outputs are being saved in runs/default/2022-01-08_08-30-36
2022-01-08 08:30:37   Using 1 GPUs and 2 CPUs
2022-01-08 08:30:37   Loading dataset Pitts30k from folder /content/pitts30k
2022-01-08 08:30:37   There are 96 queries without any positives within the training set. They won't be considered as they're useless for training.
2022-01-08 08:30:37   Train query set: < TripletsDataset, pitts30k - #database: 10000; #queries: 7320 >
2022-01-08 08:30:37   Val set: < BaseDataset, pitts30k - #database: 10000; #queries: 7608 >
2022-01-08 08:30:38   Test set: < BaseDataset, pitts30k - #database: 10000; #queries: 6816 >
2022-01-08 08:30:39   Train only conv4 of the ResNet-18 (remove conv5), freeze the previous ones
2022-01-08 08:30:41   Output dimension of the model is 256
2022-01-08 08:30:41   Start training epoch: 00
2022-01-08 08:30:41   Cache: 0 / 5
2022-01-08 08:38:31   Epoch[00](0/5): current batch triplet loss = 0.0557, average epoch triplet loss = 0.0677
2022-01-08 08:38:31   Cache: 1 / 5
2022-01-08 08:46:18   Epoch[00](1/5): current batch triplet loss = 0.0699, average epoch triplet loss = 0.0636
2022-01-08 08:46:18   Cache: 2 / 5
2022-01-08 08:54:05   Epoch[00](2/5): current batch triplet loss = 0.0461, average epoch triplet loss = 0.0599
2022-01-08 08:54:05   Cache: 3 / 5
2022-01-08 09:01:52   Epoch[00](3/5): current batch triplet loss = 0.0561, average epoch triplet loss = 0.0571
2022-01-08 09:01:52   Cache: 4 / 5
2022-01-08 09:09:39   Epoch[00](4/5): current batch triplet loss = 0.0608, average epoch triplet loss = 0.0552
2022-01-08 09:09:39   Finished epoch 00 in 0:38:57, average epoch triplet loss = 0.0552
2022-01-08 09:09:39   Extracting database features for evaluation/testing
2022-01-08 09:12:23   Extracting queries features for evaluation/testing
2022-01-08 09:14:28   Calculating recalls
2022-01-08 09:14:29   Recalls on val set < BaseDataset, pitts30k - #database: 10000; #queries: 7608 >: R@1: 72.3, R@5: 87.4, R@10: 91.9, R@20: 94.7
2022-01-08 09:14:30   Improved: previous best R@5 = 0.0, current R@5 = 87.4
2022-01-08 09:14:30   Start training epoch: 01
2022-01-08 09:14:30   Cache: 0 / 5
2022-01-08 09:22:20   Epoch[01](0/5): current batch triplet loss = 0.0714, average epoch triplet loss = 0.0433
2022-01-08 09:22:20   Cache: 1 / 5
2022-01-08 09:30:07   Epoch[01](1/5): current batch triplet loss = 0.0312, average epoch triplet loss = 0.0422
2022-01-08 09:30:07   Cache: 2 / 5
2022-01-08 09:37:54   Epoch[01](2/5): current batch triplet loss = 0.0530, average epoch triplet loss = 0.0411
2022-01-08 09:37:54   Cache: 3 / 5
2022-01-08 09:45:40   Epoch[01](3/5): current batch triplet loss = 0.0403, average epoch triplet loss = 0.0406
2022-01-08 09:45:40   Cache: 4 / 5
2022-01-08 09:53:27   Epoch[01](4/5): current batch triplet loss = 0.0437, average epoch triplet loss = 0.0401
2022-01-08 09:53:27   Finished epoch 01 in 0:38:57, average epoch triplet loss = 0.0401
2022-01-08 09:53:27   Extracting database features for evaluation/testing
2022-01-08 09:56:11   Extracting queries features for evaluation/testing
2022-01-08 09:58:16   Calculating recalls
2022-01-08 09:58:18   Recalls on val set < BaseDataset, pitts30k - #database: 10000; #queries: 7608 >: R@1: 75.9, R@5: 89.4, R@10: 93.2, R@20: 95.8
2022-01-08 09:58:18   Improved: previous best R@5 = 87.4, current R@5 = 89.4
2022-01-08 09:58:18   Start training epoch: 02
2022-01-08 09:58:18   Cache: 0 / 5
2022-01-08 10:06:12   Epoch[02](0/5): current batch triplet loss = 0.0364, average epoch triplet loss = 0.0337
2022-01-08 10:06:12   Cache: 1 / 5
2022-01-08 10:14:00   Epoch[02](1/5): current batch triplet loss = 0.0160, average epoch triplet loss = 0.0337
2022-01-08 10:14:00   Cache: 2 / 5
2022-01-08 10:21:49   Epoch[02](2/5): current batch triplet loss = 0.0123, average epoch triplet loss = 0.0333
2022-01-08 10:21:49   Cache: 3 / 5
2022-01-08 10:29:36   Epoch[02](3/5): current batch triplet loss = 0.0164, average epoch triplet loss = 0.0324
2022-01-08 10:29:36   Cache: 4 / 5
2022-01-08 10:37:24   Epoch[02](4/5): current batch triplet loss = 0.0095, average epoch triplet loss = 0.0320
2022-01-08 10:37:24   Finished epoch 02 in 0:39:05, average epoch triplet loss = 0.0320
2022-01-08 10:37:24   Extracting database features for evaluation/testing
2022-01-08 10:40:08   Extracting queries features for evaluation/testing
2022-01-08 10:42:13   Calculating recalls
2022-01-08 10:42:15   Recalls on val set < BaseDataset, pitts30k - #database: 10000; #queries: 7608 >: R@1: 77.3, R@5: 90.8, R@10: 93.8, R@20: 96.3
2022-01-08 10:42:15   Improved: previous best R@5 = 89.4, current R@5 = 90.8
2022-01-08 10:42:15   Start training epoch: 03
2022-01-08 10:42:15   Cache: 0 / 5
2022-01-08 10:50:03   Epoch[03](0/5): current batch triplet loss = 0.0160, average epoch triplet loss = 0.0271
2022-01-08 10:50:03   Cache: 1 / 5
2022-01-08 10:57:50   Epoch[03](1/5): current batch triplet loss = 0.0376, average epoch triplet loss = 0.0278
2022-01-08 10:57:50   Cache: 2 / 5
2022-01-08 11:05:37   Epoch[03](2/5): current batch triplet loss = 0.0350, average epoch triplet loss = 0.0278
2022-01-08 11:05:37   Cache: 3 / 5
2022-01-08 11:13:27   Epoch[03](3/5): current batch triplet loss = 0.0784, average epoch triplet loss = 0.0275
2022-01-08 11:13:27   Cache: 4 / 5
2022-01-08 11:21:17   Epoch[03](4/5): current batch triplet loss = 0.0241, average epoch triplet loss = 0.0274
2022-01-08 11:21:17   Finished epoch 03 in 0:39:01, average epoch triplet loss = 0.0274
2022-01-08 11:21:17   Extracting database features for evaluation/testing
2022-01-08 11:24:03   Extracting queries features for evaluation/testing
2022-01-08 11:26:09   Calculating recalls
2022-01-08 11:26:11   Recalls on val set < BaseDataset, pitts30k - #database: 10000; #queries: 7608 >: R@1: 78.4, R@5: 91.3, R@10: 94.2, R@20: 96.3
2022-01-08 11:26:11   Improved: previous best R@5 = 90.8, current R@5 = 91.3
2022-01-08 11:26:11   Start training epoch: 04
2022-01-08 11:26:11   Cache: 0 / 5
2022-01-08 11:34:01   Epoch[04](0/5): current batch triplet loss = 0.0007, average epoch triplet loss = 0.0251
2022-01-08 11:34:01   Cache: 1 / 5
2022-01-08 11:41:50   Epoch[04](1/5): current batch triplet loss = 0.0306, average epoch triplet loss = 0.0241
2022-01-08 11:41:50   Cache: 2 / 5
2022-01-08 11:49:39   Epoch[04](2/5): current batch triplet loss = 0.0407, average epoch triplet loss = 0.0244
2022-01-08 11:49:39   Cache: 3 / 5
2022-01-08 11:57:29   Epoch[04](3/5): current batch triplet loss = 0.0219, average epoch triplet loss = 0.0249
2022-01-08 11:57:29   Cache: 4 / 5
2022-01-08 12:05:18   Epoch[04](4/5): current batch triplet loss = 0.0134, average epoch triplet loss = 0.0245
2022-01-08 12:05:18   Finished epoch 04 in 0:39:07, average epoch triplet loss = 0.0245
2022-01-08 12:05:18   Extracting database features for evaluation/testing
2022-01-08 12:08:04   Extracting queries features for evaluation/testing
2022-01-08 12:10:10   Calculating recalls
2022-01-08 12:10:11   Recalls on val set < BaseDataset, pitts30k - #database: 10000; #queries: 7608 >: R@1: 78.8, R@5: 91.4, R@10: 94.3, R@20: 96.5
2022-01-08 12:10:12   Improved: previous best R@5 = 91.3, current R@5 = 91.4
2022-01-08 12:10:12   Start training epoch: 05
2022-01-08 12:10:12   Cache: 0 / 5
2022-01-08 12:18:04   Epoch[05](0/5): current batch triplet loss = 0.0147, average epoch triplet loss = 0.0239
2022-01-08 12:18:04   Cache: 1 / 5
2022-01-08 12:25:52   Epoch[05](1/5): current batch triplet loss = 0.0233, average epoch triplet loss = 0.0224
2022-01-08 12:25:52   Cache: 2 / 5
2022-01-08 12:33:41   Epoch[05](2/5): current batch triplet loss = 0.0125, average epoch triplet loss = 0.0224
2022-01-08 12:33:41   Cache: 3 / 5
2022-01-08 12:41:30   Epoch[05](3/5): current batch triplet loss = 0.0082, average epoch triplet loss = 0.0222
2022-01-08 12:41:30   Cache: 4 / 5
2022-01-08 12:49:17   Epoch[05](4/5): current batch triplet loss = 0.0240, average epoch triplet loss = 0.0220
2022-01-08 12:49:17   Finished epoch 05 in 0:39:05, average epoch triplet loss = 0.0220
2022-01-08 12:49:17   Extracting database features for evaluation/testing
2022-01-08 12:52:01   Extracting queries features for evaluation/testing
2022-01-08 12:54:07   Calculating recalls
2022-01-08 12:54:09   Recalls on val set < BaseDataset, pitts30k - #database: 10000; #queries: 7608 >: R@1: 79.3, R@5: 91.8, R@10: 94.7, R@20: 96.6
2022-01-08 12:54:09   Improved: previous best R@5 = 91.4, current R@5 = 91.8
2022-01-08 12:54:09   Start training epoch: 06
2022-01-08 12:54:09   Cache: 0 / 5
2022-01-08 13:02:00   Epoch[06](0/5): current batch triplet loss = 0.0485, average epoch triplet loss = 0.0223
2022-01-08 13:02:00   Cache: 1 / 5
2022-01-08 13:09:47   Epoch[06](1/5): current batch triplet loss = 0.0058, average epoch triplet loss = 0.0217
2022-01-08 13:09:47   Cache: 2 / 5
2022-01-08 13:17:34   Epoch[06](2/5): current batch triplet loss = 0.0089, average epoch triplet loss = 0.0213
2022-01-08 13:17:34   Cache: 3 / 5
2022-01-08 13:25:22   Epoch[06](3/5): current batch triplet loss = 0.0140, average epoch triplet loss = 0.0213
2022-01-08 13:25:22   Cache: 4 / 5
2022-01-08 13:33:09   Epoch[06](4/5): current batch triplet loss = 0.0059, average epoch triplet loss = 0.0212
2022-01-08 13:33:09   Finished epoch 06 in 0:38:59, average epoch triplet loss = 0.0212
2022-01-08 13:33:09   Extracting database features for evaluation/testing
2022-01-08 13:35:53   Extracting queries features for evaluation/testing
2022-01-08 13:37:59   Calculating recalls
2022-01-08 13:38:01   Recalls on val set < BaseDataset, pitts30k - #database: 10000; #queries: 7608 >: R@1: 79.4, R@5: 91.7, R@10: 94.5, R@20: 96.7
2022-01-08 13:38:01   Not improved: 1 / 3: best R@5 = 91.8, current R@5 = 91.7
2022-01-08 13:38:01   Start training epoch: 07
2022-01-08 13:38:01   Cache: 0 / 5
2022-01-08 13:45:57   Epoch[07](0/5): current batch triplet loss = 0.0141, average epoch triplet loss = 0.0197
2022-01-08 13:45:57   Cache: 1 / 5
2022-01-08 13:53:44   Epoch[07](1/5): current batch triplet loss = 0.0059, average epoch triplet loss = 0.0188
2022-01-08 13:53:44   Cache: 2 / 5
2022-01-08 14:01:31   Epoch[07](2/5): current batch triplet loss = 0.0381, average epoch triplet loss = 0.0190
2022-01-08 14:01:31   Cache: 3 / 5
2022-01-08 14:09:20   Epoch[07](3/5): current batch triplet loss = 0.0110, average epoch triplet loss = 0.0189
2022-01-08 14:09:20   Cache: 4 / 5
2022-01-08 14:17:10   Epoch[07](4/5): current batch triplet loss = 0.0097, average epoch triplet loss = 0.0186
2022-01-08 14:17:10   Finished epoch 07 in 0:39:08, average epoch triplet loss = 0.0186
2022-01-08 14:17:10   Extracting database features for evaluation/testing
2022-01-08 14:19:54   Extracting queries features for evaluation/testing
2022-01-08 14:22:01   Calculating recalls
2022-01-08 14:22:02   Recalls on val set < BaseDataset, pitts30k - #database: 10000; #queries: 7608 >: R@1: 79.5, R@5: 92.1, R@10: 94.7, R@20: 96.8
2022-01-08 14:22:02   Improved: previous best R@5 = 91.8, current R@5 = 92.1
2022-01-08 14:22:02   Start training epoch: 08
2022-01-08 14:22:02   Cache: 0 / 5
2022-01-08 14:29:53   Epoch[08](0/5): current batch triplet loss = 0.0049, average epoch triplet loss = 0.0180
2022-01-08 14:29:53   Cache: 1 / 5
2022-01-08 14:37:41   Epoch[08](1/5): current batch triplet loss = 0.0364, average epoch triplet loss = 0.0176
2022-01-08 14:37:41   Cache: 2 / 5
2022-01-08 14:45:28   Epoch[08](2/5): current batch triplet loss = 0.0053, average epoch triplet loss = 0.0176
2022-01-08 14:45:28   Cache: 3 / 5
