2022-01-08 08:30:36   Arguments: Namespace(cache_refresh_rate=1000, datasets_folder='/content/pitts30k', device='cuda', epochs_num=50, exp_name='default', infer_batch_size=16, lr=1e-05, margin=0.1, neg_samples_num=1000, negs_num_per_query=10, num_workers=8, output_folder='runs/default/2022-01-08_08-30-36', patience=3, queries_per_epoch=5000, recall_values=[1, 5, 10, 20], seed=0, train_batch_size=4, train_positives_dist_threshold=10, val_positive_dist_threshold=25)
2022-01-08 08:30:36   The outputs are being saved in runs/default/2022-01-08_08-30-36
2022-01-08 08:30:37   Using 1 GPUs and 2 CPUs
2022-01-08 08:30:37   There are 96 queries without any positives within the training set. They won't be considered as they're useless for training.
2022-01-08 08:30:37   Train query set: < TripletsDataset, pitts30k - #database: 10000; #queries: 7320 >
2022-01-08 08:30:37   Val set: < BaseDataset, pitts30k - #database: 10000; #queries: 7608 >
2022-01-08 08:30:38   Test set: < BaseDataset, pitts30k - #database: 10000; #queries: 6816 >
2022-01-08 08:30:41   Output dimension of the model is 256
2022-01-08 08:30:41   Start training epoch: 00
2022-01-08 09:09:39   Finished epoch 00 in 0:38:57, average epoch triplet loss = 0.0552
2022-01-08 09:14:29   Recalls on val set < BaseDataset, pitts30k - #database: 10000; #queries: 7608 >: R@1: 72.3, R@5: 87.4, R@10: 91.9, R@20: 94.7
2022-01-08 09:14:30   Improved: previous best R@5 = 0.0, current R@5 = 87.4
2022-01-08 09:14:30   Start training epoch: 01
2022-01-08 09:53:27   Finished epoch 01 in 0:38:57, average epoch triplet loss = 0.0401
2022-01-08 09:58:18   Recalls on val set < BaseDataset, pitts30k - #database: 10000; #queries: 7608 >: R@1: 75.9, R@5: 89.4, R@10: 93.2, R@20: 95.8
2022-01-08 09:58:18   Improved: previous best R@5 = 87.4, current R@5 = 89.4
2022-01-08 09:58:18   Start training epoch: 02
2022-01-08 10:37:24   Finished epoch 02 in 0:39:05, average epoch triplet loss = 0.0320
2022-01-08 10:42:15   Recalls on val set < BaseDataset, pitts30k - #database: 10000; #queries: 7608 >: R@1: 77.3, R@5: 90.8, R@10: 93.8, R@20: 96.3
2022-01-08 10:42:15   Improved: previous best R@5 = 89.4, current R@5 = 90.8
2022-01-08 10:42:15   Start training epoch: 03
2022-01-08 11:21:17   Finished epoch 03 in 0:39:01, average epoch triplet loss = 0.0274
2022-01-08 11:26:11   Recalls on val set < BaseDataset, pitts30k - #database: 10000; #queries: 7608 >: R@1: 78.4, R@5: 91.3, R@10: 94.2, R@20: 96.3
2022-01-08 11:26:11   Improved: previous best R@5 = 90.8, current R@5 = 91.3
2022-01-08 11:26:11   Start training epoch: 04
2022-01-08 12:05:18   Finished epoch 04 in 0:39:07, average epoch triplet loss = 0.0245
2022-01-08 12:10:11   Recalls on val set < BaseDataset, pitts30k - #database: 10000; #queries: 7608 >: R@1: 78.8, R@5: 91.4, R@10: 94.3, R@20: 96.5
2022-01-08 12:10:12   Improved: previous best R@5 = 91.3, current R@5 = 91.4
2022-01-08 12:10:12   Start training epoch: 05
2022-01-08 12:49:17   Finished epoch 05 in 0:39:05, average epoch triplet loss = 0.0220
2022-01-08 12:54:09   Recalls on val set < BaseDataset, pitts30k - #database: 10000; #queries: 7608 >: R@1: 79.3, R@5: 91.8, R@10: 94.7, R@20: 96.6
2022-01-08 12:54:09   Improved: previous best R@5 = 91.4, current R@5 = 91.8
2022-01-08 12:54:09   Start training epoch: 06
2022-01-08 13:33:09   Finished epoch 06 in 0:38:59, average epoch triplet loss = 0.0212
2022-01-08 13:38:01   Recalls on val set < BaseDataset, pitts30k - #database: 10000; #queries: 7608 >: R@1: 79.4, R@5: 91.7, R@10: 94.5, R@20: 96.7
2022-01-08 13:38:01   Not improved: 1 / 3: best R@5 = 91.8, current R@5 = 91.7
2022-01-08 13:38:01   Start training epoch: 07
2022-01-08 14:17:10   Finished epoch 07 in 0:39:08, average epoch triplet loss = 0.0186
2022-01-08 14:22:02   Recalls on val set < BaseDataset, pitts30k - #database: 10000; #queries: 7608 >: R@1: 79.5, R@5: 92.1, R@10: 94.7, R@20: 96.8
2022-01-08 14:22:02   Improved: previous best R@5 = 91.8, current R@5 = 92.1
2022-01-08 14:22:02   Start training epoch: 08
